========================================================================================
Report      : INFO
Date        : Sun Sep 25 16:40:23 PDT 2016
Description : ---------------------------------------------------------------
              -- The service is using the following configuration settings --
              ---------------------------------------------------------------
              Domain (id)          : ospl_sp_ddsi (0)
              Storage              : 0 Kbytes
              Storage threshold    : 1024 Kbytes
              Storage address      : Not available
              Locking              : default
              Memory mode          : Heap memory
              Builtin topics       : true
              Priority inheritance : false
              SystemId             : 1346383860 from [1,2147483647]
Node        : lbuckland
Process     : polysync-parrot-controller <26721>
Thread      : spliced 7f9981dc5700
Internals   : 6.6.2p1/af3a357/aec814d/The OpenSplice domain service/u_domain.c/630/0/1474846823.193176393
========================================================================================
Report      : INFO
Date        : Sun Sep 25 16:40:23 PDT 2016
Description : Service cmsoap disabled
Node        : lbuckland
Process     : polysync-parrot-controller <26721>
Thread      : spliced 7f9981dc5700
Internals   : 6.6.2p1/af3a357/aec814d/OpenSplice domain service/sr_componentInfo.c/439/0/1474846823.193585310
========================================================================================
Report      : INFO
Date        : Sun Sep 25 16:40:23 PDT 2016
Description : Durability Client for spliced started
Node        : lbuckland
Process     : polysync-parrot-controller <26721>
Thread      : spliced 7f9981dc5700
Internals   : 6.6.2p1/af3a357/aec814d/spliced::durabilityClientStart/spliced.c/350/1/1474846823.194822836
========================================================================================
Report      : INFO
Date        : Sun Sep 25 16:40:23 PDT 2016
Description : ++++++++++++++++++++++++++++++++++++++++++++++++
              ++ The service 'splicedaemon' is now operational. 
              ++++++++++++++++++++++++++++++++++++++++++++++++
Node        : lbuckland
Process     : polysync-parrot-controller <26721>
Thread      : spliced 7f9981dc5700
Internals   : 6.6.2p1/af3a357/aec814d/v_serviceChangeState/v_service.c/286/0/1474846823.194859788
========================================================================================
Report      : INFO
Date        : Sun Sep 25 16:40:23 PDT 2016
Description : ++++++++++++++++++++++++++++++++++++++++++++++++
              ++ The service 'ddsi2' is now operational. 
              ++++++++++++++++++++++++++++++++++++++++++++++++
Node        : lbuckland
Process     : polysync-parrot-controller <26721>
Thread      : ddsi2 7f9979493700
Internals   : 6.6.2p1/af3a357/aec814d/v_serviceChangeState/v_service.c/286/0/1474846823.206976129
========================================================================================
Report      : WARNING
Date        : Sun Sep 25 16:40:24 PDT 2016
Description : writer 50402ff4:92:1:2c2 considering reader c7a793a:92:1:2c7 non-responsive

Node        : lbuckland
Process     : polysync-parrot-controller <26721>
Thread      : xmit.user 7f9979274700
Internals   : 6.6.2p1/af3a357/aec814d/ddsi2/q_transmit.c/815/0/1474846824.207600653
========================================================================================
Report      : WARNING
Date        : Sun Sep 25 16:40:24 PDT 2016
Description : writer 50402ff4:92:1:2c2 considering reader c7a793a:92:1:2c7 responsive again

Node        : lbuckland
Process     : polysync-parrot-controller <26721>
Thread      : recv 7f99792b8700
Internals   : 6.6.2p1/af3a357/aec814d/ddsi2/q_receive.c/847/0/1474846824.216437181
========================================================================================
Report      : INFO
Date        : Sun Sep 25 16:40:24 PDT 2016
Description : The durability service can be identified by ID: 1346383860
Node        : lbuckland
Process     : polysync-parrot-controller <26721>
Thread      : durability 7f99795b6700
Internals   : 6.6.2p1/af3a357/aec814d/DurabilityService/d_durability.c/676/0/1474846824.309337898
========================================================================================
Report      : INFO
Date        : Sun Sep 25 16:40:38 PDT 2016
Description : Missed heartbeat for node 209353018. (DCPSPublication is complete)
Node        : lbuckland
Process     : polysync-parrot-controller <26721>
Thread      : OSPL Garbage Collector 7f9979f28700
Internals   : 6.6.2p1/af3a357/aec814d/v_spliced/v_spliced.c/2358/769/1474846838.427751462
========================================================================================
Report      : INFO
Date        : Sun Sep 25 16:40:41 PDT 2016
Description : ++++++++++++++++++++++++++++++++++++++++++++++++
              ++ The service 'durability' is now operational. 
              ++++++++++++++++++++++++++++++++++++++++++++++++
Node        : lbuckland
Process     : polysync-parrot-controller <26721>
Thread      : durability 7f99795b6700
Internals   : 6.6.2p1/af3a357/aec814d/v_serviceChangeState/v_service.c/286/0/1474846841.830062621
========================================================================================
Report      : INFO
Date        : Sun Sep 25 16:40:47 PDT 2016
Description : ================================================
              == The service 'ddsi2' has now terminated. 
              ================================================
Node        : lbuckland
Process     : polysync-parrot-controller <26721>
Thread      : ddsi2 7f9979493700
Internals   : 6.6.2p1/af3a357/aec814d/v_serviceChangeState/v_service.c/293/0/1474846847.040852537
========================================================================================
Report      : INFO
Date        : Sun Sep 25 16:40:48 PDT 2016
Description : ================================================
              == The service 'durability' has now terminated. 
              ================================================
Node        : lbuckland
Process     : polysync-parrot-controller <26721>
Thread      : durability 7f99795b6700
Internals   : 6.6.2p1/af3a357/aec814d/v_serviceChangeState/v_service.c/293/0/1474846848.334237963
========================================================================================
Report      : INFO
Date        : Sun Sep 25 16:40:48 PDT 2016
Description : Durability Client for spliced stopped
Node        : lbuckland
Process     : polysync-parrot-controller <26721>
Thread      : spliced 7f9981dc5700
Internals   : 6.6.2p1/af3a357/aec814d/spliced::durabilityClientStop/spliced.c/374/1/1474846848.337045001
========================================================================================
Report      : INFO
Date        : Sun Sep 25 16:40:48 PDT 2016
Description : ================================================
              == The service 'splicedaemon' has now terminated. 
              ================================================
Node        : lbuckland
Process     : polysync-parrot-controller <26721>
Thread      : spliced 7f9981dc5700
Internals   : 6.6.2p1/af3a357/aec814d/v_serviceChangeState/v_service.c/293/0/1474846848.337202029
